<?xml version="1.0" encoding="UTF-8"?>
<!-- Generated by org.testng.reporters.JUnitReportReporter -->
<testsuite hostname="Aashiq" failures="0" tests="1" name="in.amazon.teststeps.TestRunner" time="338.478" errors="0" timestamp="2023-08-01T14:19:33 IST" skipped="0">
  <testcase classname="in.amazon.teststeps.TestRunner" name="runScenario" time="338.478"/>
  <system-out/>
</testsuite> <!-- in.amazon.teststeps.TestRunner -->
