<?xml version="1.0" encoding="UTF-8"?>
<!-- Generated by org.testng.reporters.JUnitReportReporter -->
<testsuite hostname="Aashiq" failures="0" tests="1" name="in.amazon.teststeps.TestRunner" time="94.060" errors="0" timestamp="2023-07-31T16:13:03 IST" skipped="0">
  <testcase classname="in.amazon.teststeps.TestRunner" name="runScenario" time="94.060"/>
  <system-out/>
</testsuite> <!-- in.amazon.teststeps.TestRunner -->
