<?xml version="1.0" encoding="UTF-8"?>
<!-- Generated by org.testng.reporters.JUnitReportReporter -->
<testsuite hostname="Aashiq" failures="0" tests="1" name="in.SportyShoes.SportyShoesRESTAssured.POSTProduct" time="1.944" errors="0" timestamp="2023-08-26T06:21:41 IST" skipped="0">
  <testcase classname="in.SportyShoes.SportyShoesRESTAssured.POSTProduct" name="createResource" time="1.944"/>
  <system-out/>
</testsuite> <!-- in.SportyShoes.SportyShoesRESTAssured.POSTProduct -->
