<?xml version="1.0" encoding="UTF-8"?>
<!-- Generated by org.testng.reporters.JUnitReportReporter -->
<testsuite hostname="Aashiq" failures="0" tests="1" name="in.SportyShoes.SportyShoesRESTAssured.GETRegisteredUsers" time="1.955" errors="0" timestamp="2023-08-26T06:21:23 IST" skipped="0">
  <testcase classname="in.SportyShoes.SportyShoesRESTAssured.GETRegisteredUsers" name="getRequest" time="1.955"/>
  <system-out/>
</testsuite> <!-- in.SportyShoes.SportyShoesRESTAssured.GETRegisteredUsers -->
