<?xml version="1.0" encoding="UTF-8"?>
<!-- Generated by org.testng.reporters.JUnitReportReporter -->
<testsuite hostname="Aashiq" failures="0" tests="1" name="in.SportyShoes.SportyShoesRESTAssured.GETProducts" time="2.027" errors="0" timestamp="2023-08-26T06:20:49 IST" skipped="0">
  <testcase classname="in.SportyShoes.SportyShoesRESTAssured.GETProducts" name="getRequest" time="2.027"/>
  <system-out/>
</testsuite> <!-- in.SportyShoes.SportyShoesRESTAssured.GETProducts -->
