<?xml version="1.0" encoding="UTF-8"?>
<!-- Generated by org.testng.reporters.JUnitReportReporter -->
<testsuite hostname="Aashiq" failures="0" tests="1" name="in.Reqres.Reqes.DELETERequest" time="2.840" errors="0" timestamp="2023-08-22T14:19:18 IST" skipped="0">
  <testcase classname="in.Reqres.Reqes.DELETERequest" name="deleteResourse" time="2.840"/>
  <system-out/>
</testsuite> <!-- in.Reqres.Reqes.DELETERequest -->
