<?xml version="1.0" encoding="UTF-8"?>
<!-- Generated by org.testng.reporters.JUnitReportReporter -->
<testsuite hostname="Aashiq" failures="0" tests="1" name="in.Reqres.Reqes.LoggingTest" time="2.887" errors="0" timestamp="2023-08-22T14:17:02 IST" skipped="0">
  <testcase classname="in.Reqres.Reqes.LoggingTest" name="getRequest" time="2.887"/>
  <system-out/>
</testsuite> <!-- in.Reqres.Reqes.LoggingTest -->
