<?xml version="1.0" encoding="UTF-8"?>
<!-- Generated by org.testng.reporters.JUnitReportReporter -->
<testsuite hostname="Aashiq" failures="0" tests="1" name="in.Reqres.Reqes.GetUsers" time="3.210" errors="0" timestamp="2023-08-22T14:18:17 IST" skipped="0">
  <testcase classname="in.Reqres.Reqes.GetUsers" name="createResource" time="3.210"/>
  <system-out/>
</testsuite> <!-- in.Reqres.Reqes.GetUsers -->
