<?xml version="1.0" encoding="UTF-8"?>
<!-- Generated by org.testng.reporters.JUnitReportReporter -->
<testsuite hostname="Aashiq" failures="0" tests="1" name="in.Reqres.Reqes.PUTRequest" time="3.300" errors="0" timestamp="2023-08-22T14:18:50 IST" skipped="0">
  <testcase classname="in.Reqres.Reqes.PUTRequest" name="updateResourse" time="3.300"/>
  <system-out/>
</testsuite> <!-- in.Reqres.Reqes.PUTRequest -->
