<?xml version="1.0" encoding="UTF-8"?>
<!-- Generated by org.testng.reporters.JUnitReportReporter -->
<testsuite hostname="Aashiq" failures="0" tests="1" name="in.SportyShoes.testscripts.UserLoginTest" time="1.341" errors="0" timestamp="2023-08-26T07:59:12 IST" skipped="0">
  <testcase classname="in.SportyShoes.testscripts.UserLoginTest" name="userLogin" time="1.341"/>
</testsuite> <!-- in.SportyShoes.testscripts.UserLoginTest -->
