<?xml version="1.0" encoding="UTF-8"?>
<!-- Generated by org.testng.reporters.JUnitReportReporter -->
<testsuite hostname="Aashiq" failures="0" tests="1" name="in.SportyShoes.testscripts.RegisterUserTest" time="28.417" errors="0" timestamp="2023-08-23T10:51:34 IST" skipped="0">
  <testcase classname="in.SportyShoes.testscripts.RegisterUserTest" name="registerNewUser" time="28.417"/>
</testsuite> <!-- in.SportyShoes.testscripts.RegisterUserTest -->
