<?xml version="1.0" encoding="UTF-8"?>
<!-- Generated by org.testng.reporters.JUnitReportReporter -->
<testsuite hostname="Aashiq" failures="0" tests="1" name="in.SportyShoes.testscripts.UserRegistrationTest" time="1.802" errors="0" timestamp="2023-08-26T07:59:37 IST" skipped="0">
  <testcase classname="in.SportyShoes.testscripts.UserRegistrationTest" name="registerNewUser" time="1.802"/>
</testsuite> <!-- in.SportyShoes.testscripts.UserRegistrationTest -->
