<?xml version="1.0" encoding="UTF-8"?>
<!-- Generated by org.testng.reporters.JUnitReportReporter -->
<testsuite hostname="Aashiq" failures="0" tests="1" name="com.saucedemo.testscripts.BuyProductTest" time="1.854" errors="0" timestamp="2023-07-25T14:30:01 IST" skipped="0">
  <testcase classname="com.saucedemo.testscripts.BuyProductTest" name="buyProduct" time="1.854"/>
</testsuite> <!-- com.saucedemo.testscripts.BuyProductTest -->
