<?xml version="1.0" encoding="UTF-8"?>
<!-- Generated by org.testng.reporters.JUnitReportReporter -->
<testsuite hostname="Aashiq" failures="0" tests="1" name="in.Reqres.ReqresEndProject.GETRequest" time="2.791" errors="0" timestamp="2023-08-22T16:11:49 IST" skipped="0">
  <testcase classname="in.Reqres.ReqresEndProject.GETRequest" name="getRequest" time="2.791"/>
  <system-out/>
</testsuite> <!-- in.Reqres.ReqresEndProject.GETRequest -->
