<?xml version="1.0" encoding="UTF-8"?>
<!-- Generated by org.testng.reporters.JUnitReportReporter -->
<testsuite hostname="Aashiq" failures="0" tests="1" name="in.Reqres.ReqresEndProject.POSTRequest" time="3.462" errors="0" timestamp="2023-08-22T16:12:27 IST" skipped="0">
  <testcase classname="in.Reqres.ReqresEndProject.POSTRequest" name="createResource" time="3.462"/>
  <system-out/>
</testsuite> <!-- in.Reqres.ReqresEndProject.POSTRequest -->
