<?xml version="1.0" encoding="UTF-8"?>
<!-- Generated by org.testng.reporters.JUnitReportReporter -->
<testsuite hostname="Aashiq" failures="0" tests="1" name="com.Simplilearn.testscripts.CourseAvailabilityTest" time="14.472" errors="0" timestamp="2023-07-22T13:42:40 IST" skipped="0">
  <testcase classname="com.Simplilearn.testscripts.CourseAvailabilityTest" name="courseAvailability" time="14.472"/>
</testsuite> <!-- com.Simplilearn.testscripts.CourseAvailabilityTest -->
