<?xml version="1.0" encoding="UTF-8"?>
<!-- Generated by org.testng.reporters.JUnitReportReporter -->
<testsuite hostname="Aashiq" failures="0" tests="1" name="com.swiggy.teststeps.TestRunner" time="148.641" errors="0" timestamp="2023-08-01T14:44:02 IST" skipped="0">
  <testcase classname="com.swiggy.teststeps.TestRunner" name="runScenario" time="148.641"/>
  <system-out/>
</testsuite> <!-- com.swiggy.teststeps.TestRunner -->
